c:\dll test 4\dllfile\dllfile\x64\debug\dllfile.pch
c:\dll test 4\dllfile\dllfile\x64\debug\vc143.pdb
c:\dll test 4\dllfile\dllfile\x64\debug\pch.obj
c:\dll test 4\dllfile\dllfile\x64\debug\dllmain.obj
c:\dll test 4\dllfile\dllfile\x64\debug\dlllist.obj
c:\dll test 4\dllfile\dllfile\x64\debug\.netframework,version=v4.7.2.assemblyattributes.obj
c:\dll test 4\dllfile\x64\debug\dllfile.dll
c:\dll test 4\dllfile\x64\debug\dllfile.pdb
c:\dll test 4\dllfile\x64\debug\dllfile.lib
c:\dll test 4\dllfile\x64\debug\dllfile.exp
c:\users\mahmo\onedrive\desktop\my math\dllfile\dllfile\x64\debug\dllfile.vcxproj.assemblyreference.cache
c:\users\mahmo\onedrive\desktop\my math\dllfile\dllfile\x64\debug\.netframework,version=v4.7.2.assemblyattributes.obj
c:\users\mahmo\onedrive\desktop\my math\dllfile\dllfile\x64\debug\dlllist.obj
c:\users\mahmo\onedrive\desktop\my math\dllfile\dllfile\x64\debug\dllmain.obj
c:\users\mahmo\onedrive\desktop\my math\dllfile\dllfile\x64\debug\pch.obj
c:\users\mahmo\onedrive\desktop\my math\dllfile\dllfile\x64\debug\dllfile.pch
c:\users\mahmo\onedrive\desktop\my math\dllfile\dllfile\x64\debug\vc143.pdb
c:\users\mahmo\onedrive\desktop\my math\dllfile\x64\debug\dllfile.pdb
c:\users\mahmo\onedrive\desktop\my math\dllfile\x64\debug\dllfile.dll
c:\users\mahmo\onedrive\desktop\my math\dllfile\dllfile\x64\debug\dllfile.tlog\cl.command.1.tlog
c:\users\mahmo\onedrive\desktop\my math\dllfile\dllfile\x64\debug\dllfile.tlog\cl.items.tlog
c:\users\mahmo\onedrive\desktop\my math\dllfile\dllfile\x64\debug\dllfile.tlog\cl.read.1.tlog
c:\users\mahmo\onedrive\desktop\my math\dllfile\dllfile\x64\debug\dllfile.tlog\cl.write.1.tlog
c:\users\mahmo\onedrive\desktop\my math\dllfile\dllfile\x64\debug\dllfile.tlog\link.command.1.tlog
c:\users\mahmo\onedrive\desktop\my math\dllfile\dllfile\x64\debug\dllfile.tlog\link.read.1.tlog
c:\users\mahmo\onedrive\desktop\my math\dllfile\dllfile\x64\debug\dllfile.tlog\link.secondary.1.tlog
c:\users\mahmo\onedrive\desktop\my math\dllfile\dllfile\x64\debug\dllfile.tlog\link.write.1.tlog
c:\users\mahmo\onedrive\desktop\my math\dllfile\dllfile\x64\debug\dllfile.tlog\metagen.read.1.tlog
c:\users\mahmo\onedrive\desktop\my math\dllfile\dllfile\x64\debug\dllfile.tlog\metagen.write.1.tlog
